2022-11-03 12:07:04.880  INFO 15552 --- [main] c.e.demo.controller.TcontrollerTest      : Starting TcontrollerTest using Java 17 on LAPTOP-JQMC1UVP with PID 15552 (started by Nikita in D:\STSGit\PDF_Generator2)
2022-11-03 12:07:04.888  INFO 15552 --- [main] c.e.demo.controller.TcontrollerTest      : No active profile set, falling back to 1 default profile: "default"
2022-11-03 12:07:06.097  INFO 15552 --- [main] .s.d.r.c.RepositoryConfigurationDelegate : Bootstrapping Spring Data JPA repositories in DEFAULT mode.
2022-11-03 12:07:06.181  INFO 15552 --- [main] .s.d.r.c.RepositoryConfigurationDelegate : Finished Spring Data repository scanning in 73 ms. Found 1 JPA repository interfaces.
2022-11-03 12:07:07.177  INFO 15552 --- [main] o.s.b.w.embedded.tomcat.TomcatWebServer  : Tomcat initialized with port(s): 0 (http)
2022-11-03 12:07:07.192  INFO 15552 --- [main] o.apache.catalina.core.StandardService   : Starting service [Tomcat]
2022-11-03 12:07:07.192  INFO 15552 --- [main] org.apache.catalina.core.StandardEngine  : Starting Servlet engine: [Apache Tomcat/9.0.65]
2022-11-03 12:07:07.396  INFO 15552 --- [main] o.a.c.c.C.[Tomcat].[localhost].[/]       : Initializing Spring embedded WebApplicationContext
2022-11-03 12:07:07.397  INFO 15552 --- [main] w.s.c.ServletWebServerApplicationContext : Root WebApplicationContext: initialization completed in 2244 ms
2022-11-03 12:07:07.471  INFO 15552 --- [main] com.zaxxer.hikari.HikariDataSource       : HikariPool-1 - Starting...
2022-11-03 12:07:07.754  INFO 15552 --- [main] com.zaxxer.hikari.HikariDataSource       : HikariPool-1 - Start completed.
2022-11-03 12:07:07.769  INFO 15552 --- [main] o.s.b.a.h2.H2ConsoleAutoConfiguration    : H2 console available at '/h2-console'. Database available at 'jdbc:h2:mem:testdb'
2022-11-03 12:07:08.050  INFO 15552 --- [main] o.hibernate.jpa.internal.util.LogHelper  : HHH000204: Processing PersistenceUnitInfo [name: default]
2022-11-03 12:07:08.136  INFO 15552 --- [main] org.hibernate.Version                    : HHH000412: Hibernate ORM core version 5.6.11.Final
2022-11-03 12:07:08.375  INFO 15552 --- [main] o.hibernate.annotations.common.Version   : HCANN000001: Hibernate Commons Annotations {5.1.2.Final}
2022-11-03 12:07:08.508  INFO 15552 --- [main] org.hibernate.dialect.Dialect            : HHH000400: Using dialect: org.hibernate.dialect.H2Dialect
2022-11-03 12:07:09.214  INFO 15552 --- [main] o.h.e.t.j.p.i.JtaPlatformInitiator       : HHH000490: Using JtaPlatform implementation: [org.hibernate.engine.transaction.jta.platform.internal.NoJtaPlatform]
2022-11-03 12:07:09.224  INFO 15552 --- [main] j.LocalContainerEntityManagerFactoryBean : Initialized JPA EntityManagerFactory for persistence unit 'default'
2022-11-03 12:07:10.103  WARN 15552 --- [main] JpaBaseConfiguration$JpaWebConfiguration : spring.jpa.open-in-view is enabled by default. Therefore, database queries may be performed during view rendering. Explicitly configure spring.jpa.open-in-view to disable this warning
2022-11-03 12:07:10.381  INFO 15552 --- [main] pertySourcedRequestMappingHandlerMapping : Mapped URL path [/v2/api-docs] onto method [springfox.documentation.swagger2.web.Swagger2Controller#getDocumentation(String, HttpServletRequest)]
2022-11-03 12:07:11.247  INFO 15552 --- [main] o.s.b.w.embedded.tomcat.TomcatWebServer  : Tomcat started on port(s): 58390 (http) with context path ''
2022-11-03 12:07:11.248  INFO 15552 --- [main] d.s.w.p.DocumentationPluginsBootstrapper : Context refreshed
2022-11-03 12:07:11.270  INFO 15552 --- [main] d.s.w.p.DocumentationPluginsBootstrapper : Found 1 custom documentation plugin(s)
2022-11-03 12:07:11.304  INFO 15552 --- [main] s.d.s.w.s.ApiListingReferenceScanner     : Scanning for api listing references
2022-11-03 12:07:11.477  INFO 15552 --- [main] c.e.demo.controller.TcontrollerTest      : Started TcontrollerTest in 7.063 seconds (JVM running for 8.59)
2022-11-03 12:07:12.467  INFO 15552 --- [main] com.example.demo.controller.Tcontroller  : getById Method is called
2022-11-03 12:07:12.493  INFO 15552 --- [main] com.example.demo.controller.Tcontroller  : getById Method is executed
2022-11-03 12:07:12.575  INFO 15552 --- [SpringApplicationShutdownHook] j.LocalContainerEntityManagerFactoryBean : Closing JPA EntityManagerFactory for persistence unit 'default'
2022-11-03 12:07:12.579  INFO 15552 --- [SpringApplicationShutdownHook] com.zaxxer.hikari.HikariDataSource       : HikariPool-1 - Shutdown initiated...
2022-11-03 12:07:12.583  INFO 15552 --- [SpringApplicationShutdownHook] com.zaxxer.hikari.HikariDataSource       : HikariPool-1 - Shutdown completed.
2022-11-03 12:10:35.443  INFO 10420 --- [main] c.e.demo.controller.TcontrollerTest2     : Starting TcontrollerTest2 using Java 17 on LAPTOP-JQMC1UVP with PID 10420 (started by Nikita in D:\STSGit\PDF_Generator2)
2022-11-03 12:10:35.445  INFO 10420 --- [main] c.e.demo.controller.TcontrollerTest2     : No active profile set, falling back to 1 default profile: "default"
2022-11-03 12:10:36.516  INFO 10420 --- [main] .s.d.r.c.RepositoryConfigurationDelegate : Bootstrapping Spring Data JPA repositories in DEFAULT mode.
2022-11-03 12:10:36.592  INFO 10420 --- [main] .s.d.r.c.RepositoryConfigurationDelegate : Finished Spring Data repository scanning in 64 ms. Found 1 JPA repository interfaces.
2022-11-03 12:10:37.538  INFO 10420 --- [main] o.s.b.w.embedded.tomcat.TomcatWebServer  : Tomcat initialized with port(s): 0 (http)
2022-11-03 12:10:37.554  INFO 10420 --- [main] o.apache.catalina.core.StandardService   : Starting service [Tomcat]
2022-11-03 12:10:37.554  INFO 10420 --- [main] org.apache.catalina.core.StandardEngine  : Starting Servlet engine: [Apache Tomcat/9.0.65]
2022-11-03 12:10:37.721  INFO 10420 --- [main] o.a.c.c.C.[Tomcat].[localhost].[/]       : Initializing Spring embedded WebApplicationContext
2022-11-03 12:10:37.721  INFO 10420 --- [main] w.s.c.ServletWebServerApplicationContext : Root WebApplicationContext: initialization completed in 1996 ms
2022-11-03 12:10:37.789  INFO 10420 --- [main] com.zaxxer.hikari.HikariDataSource       : HikariPool-1 - Starting...
2022-11-03 12:10:38.034  INFO 10420 --- [main] com.zaxxer.hikari.HikariDataSource       : HikariPool-1 - Start completed.
2022-11-03 12:10:38.048  INFO 10420 --- [main] o.s.b.a.h2.H2ConsoleAutoConfiguration    : H2 console available at '/h2-console'. Database available at 'jdbc:h2:mem:testdb'
2022-11-03 12:10:38.330  INFO 10420 --- [main] o.hibernate.jpa.internal.util.LogHelper  : HHH000204: Processing PersistenceUnitInfo [name: default]
2022-11-03 12:10:38.417  INFO 10420 --- [main] org.hibernate.Version                    : HHH000412: Hibernate ORM core version 5.6.11.Final
2022-11-03 12:10:38.662  INFO 10420 --- [main] o.hibernate.annotations.common.Version   : HCANN000001: Hibernate Commons Annotations {5.1.2.Final}
2022-11-03 12:10:38.818  INFO 10420 --- [main] org.hibernate.dialect.Dialect            : HHH000400: Using dialect: org.hibernate.dialect.H2Dialect
2022-11-03 12:10:39.641  INFO 10420 --- [main] o.h.e.t.j.p.i.JtaPlatformInitiator       : HHH000490: Using JtaPlatform implementation: [org.hibernate.engine.transaction.jta.platform.internal.NoJtaPlatform]
2022-11-03 12:10:39.648  INFO 10420 --- [main] j.LocalContainerEntityManagerFactoryBean : Initialized JPA EntityManagerFactory for persistence unit 'default'
2022-11-03 12:10:40.410  WARN 10420 --- [main] JpaBaseConfiguration$JpaWebConfiguration : spring.jpa.open-in-view is enabled by default. Therefore, database queries may be performed during view rendering. Explicitly configure spring.jpa.open-in-view to disable this warning
2022-11-03 12:10:40.715  INFO 10420 --- [main] pertySourcedRequestMappingHandlerMapping : Mapped URL path [/v2/api-docs] onto method [springfox.documentation.swagger2.web.Swagger2Controller#getDocumentation(String, HttpServletRequest)]
2022-11-03 12:10:41.603  INFO 10420 --- [main] o.s.b.w.embedded.tomcat.TomcatWebServer  : Tomcat started on port(s): 58400 (http) with context path ''
2022-11-03 12:10:41.604  INFO 10420 --- [main] d.s.w.p.DocumentationPluginsBootstrapper : Context refreshed
2022-11-03 12:10:41.625  INFO 10420 --- [main] d.s.w.p.DocumentationPluginsBootstrapper : Found 1 custom documentation plugin(s)
2022-11-03 12:10:41.661  INFO 10420 --- [main] s.d.s.w.s.ApiListingReferenceScanner     : Scanning for api listing references
2022-11-03 12:10:41.838  INFO 10420 --- [main] c.e.demo.controller.TcontrollerTest2     : Started TcontrollerTest2 in 6.812 seconds (JVM running for 7.94)
2022-11-03 12:10:43.507  INFO 10420 --- [http-nio-auto-1-exec-1] o.a.c.c.C.[Tomcat].[localhost].[/]       : Initializing Spring DispatcherServlet 'dispatcherServlet'
2022-11-03 12:10:43.507  INFO 10420 --- [http-nio-auto-1-exec-1] o.s.web.servlet.DispatcherServlet        : Initializing Servlet 'dispatcherServlet'
2022-11-03 12:10:43.509  INFO 10420 --- [http-nio-auto-1-exec-1] o.s.web.servlet.DispatcherServlet        : Completed initialization in 2 ms
2022-11-03 12:10:43.538  WARN 10420 --- [http-nio-auto-1-exec-1] .w.s.m.s.DefaultHandlerExceptionResolver : Resolved [org.springframework.web.HttpRequestMethodNotSupportedException: Request method 'PRANJALI' not supported]
2022-11-03 12:10:43.664  INFO 10420 --- [main] com.example.demo.controller.Tcontroller  : getById Method is called
2022-11-03 12:10:43.683  INFO 10420 --- [main] com.example.demo.controller.Tcontroller  : getById Method is executed
2022-11-03 12:10:43.746  INFO 10420 --- [SpringApplicationShutdownHook] j.LocalContainerEntityManagerFactoryBean : Closing JPA EntityManagerFactory for persistence unit 'default'
2022-11-03 12:10:43.749  INFO 10420 --- [SpringApplicationShutdownHook] com.zaxxer.hikari.HikariDataSource       : HikariPool-1 - Shutdown initiated...
2022-11-03 12:10:43.752  INFO 10420 --- [SpringApplicationShutdownHook] com.zaxxer.hikari.HikariDataSource       : HikariPool-1 - Shutdown completed.
2022-11-03 12:12:36.846  INFO 14304 --- [main] c.e.demo.controller.TcontrollerTest2     : Starting TcontrollerTest2 using Java 17 on LAPTOP-JQMC1UVP with PID 14304 (started by Nikita in D:\STSGit\PDF_Generator2)
2022-11-03 12:12:36.848  INFO 14304 --- [main] c.e.demo.controller.TcontrollerTest2     : No active profile set, falling back to 1 default profile: "default"
2022-11-03 12:12:37.864  INFO 14304 --- [main] .s.d.r.c.RepositoryConfigurationDelegate : Bootstrapping Spring Data JPA repositories in DEFAULT mode.
2022-11-03 12:12:37.938  INFO 14304 --- [main] .s.d.r.c.RepositoryConfigurationDelegate : Finished Spring Data repository scanning in 61 ms. Found 1 JPA repository interfaces.
2022-11-03 12:12:38.971  INFO 14304 --- [main] o.s.b.w.embedded.tomcat.TomcatWebServer  : Tomcat initialized with port(s): 0 (http)
2022-11-03 12:12:38.989  INFO 14304 --- [main] o.apache.catalina.core.StandardService   : Starting service [Tomcat]
2022-11-03 12:12:38.990  INFO 14304 --- [main] org.apache.catalina.core.StandardEngine  : Starting Servlet engine: [Apache Tomcat/9.0.65]
2022-11-03 12:12:39.168  INFO 14304 --- [main] o.a.c.c.C.[Tomcat].[localhost].[/]       : Initializing Spring embedded WebApplicationContext
2022-11-03 12:12:39.169  INFO 14304 --- [main] w.s.c.ServletWebServerApplicationContext : Root WebApplicationContext: initialization completed in 2051 ms
2022-11-03 12:12:39.234  INFO 14304 --- [main] com.zaxxer.hikari.HikariDataSource       : HikariPool-1 - Starting...
2022-11-03 12:12:39.507  INFO 14304 --- [main] com.zaxxer.hikari.HikariDataSource       : HikariPool-1 - Start completed.
2022-11-03 12:12:39.523  INFO 14304 --- [main] o.s.b.a.h2.H2ConsoleAutoConfiguration    : H2 console available at '/h2-console'. Database available at 'jdbc:h2:mem:testdb'
2022-11-03 12:12:39.832  INFO 14304 --- [main] o.hibernate.jpa.internal.util.LogHelper  : HHH000204: Processing PersistenceUnitInfo [name: default]
2022-11-03 12:12:39.894  INFO 14304 --- [main] org.hibernate.Version                    : HHH000412: Hibernate ORM core version 5.6.11.Final
2022-11-03 12:12:40.111  INFO 14304 --- [main] o.hibernate.annotations.common.Version   : HCANN000001: Hibernate Commons Annotations {5.1.2.Final}
2022-11-03 12:12:40.241  INFO 14304 --- [main] org.hibernate.dialect.Dialect            : HHH000400: Using dialect: org.hibernate.dialect.H2Dialect
2022-11-03 12:12:40.973  INFO 14304 --- [main] o.h.e.t.j.p.i.JtaPlatformInitiator       : HHH000490: Using JtaPlatform implementation: [org.hibernate.engine.transaction.jta.platform.internal.NoJtaPlatform]
2022-11-03 12:12:40.989  INFO 14304 --- [main] j.LocalContainerEntityManagerFactoryBean : Initialized JPA EntityManagerFactory for persistence unit 'default'
2022-11-03 12:12:41.774  WARN 14304 --- [main] JpaBaseConfiguration$JpaWebConfiguration : spring.jpa.open-in-view is enabled by default. Therefore, database queries may be performed during view rendering. Explicitly configure spring.jpa.open-in-view to disable this warning
2022-11-03 12:12:42.079  INFO 14304 --- [main] pertySourcedRequestMappingHandlerMapping : Mapped URL path [/v2/api-docs] onto method [springfox.documentation.swagger2.web.Swagger2Controller#getDocumentation(String, HttpServletRequest)]
2022-11-03 12:12:42.915  INFO 14304 --- [main] o.s.b.w.embedded.tomcat.TomcatWebServer  : Tomcat started on port(s): 58407 (http) with context path ''
2022-11-03 12:12:42.916  INFO 14304 --- [main] d.s.w.p.DocumentationPluginsBootstrapper : Context refreshed
2022-11-03 12:12:42.935  INFO 14304 --- [main] d.s.w.p.DocumentationPluginsBootstrapper : Found 1 custom documentation plugin(s)
2022-11-03 12:12:42.972  INFO 14304 --- [main] s.d.s.w.s.ApiListingReferenceScanner     : Scanning for api listing references
2022-11-03 12:12:43.146  INFO 14304 --- [main] c.e.demo.controller.TcontrollerTest2     : Started TcontrollerTest2 in 6.728 seconds (JVM running for 7.872)
2022-11-03 12:12:44.699  INFO 14304 --- [http-nio-auto-1-exec-1] o.a.c.c.C.[Tomcat].[localhost].[/]       : Initializing Spring DispatcherServlet 'dispatcherServlet'
2022-11-03 12:12:44.700  INFO 14304 --- [http-nio-auto-1-exec-1] o.s.web.servlet.DispatcherServlet        : Initializing Servlet 'dispatcherServlet'
2022-11-03 12:12:44.701  INFO 14304 --- [http-nio-auto-1-exec-1] o.s.web.servlet.DispatcherServlet        : Completed initialization in 1 ms
2022-11-03 12:12:44.866  INFO 14304 --- [main] com.example.demo.controller.Tcontroller  : getById Method is called
2022-11-03 12:12:44.883 ERROR 14304 --- [main] com.example.demo.controller.Tcontroller  : Teacher with Id is not found
2022-11-03 12:12:44.934  INFO 14304 --- [SpringApplicationShutdownHook] j.LocalContainerEntityManagerFactoryBean : Closing JPA EntityManagerFactory for persistence unit 'default'
2022-11-03 12:12:44.937  INFO 14304 --- [SpringApplicationShutdownHook] com.zaxxer.hikari.HikariDataSource       : HikariPool-1 - Shutdown initiated...
2022-11-03 12:12:44.938  INFO 14304 --- [SpringApplicationShutdownHook] com.zaxxer.hikari.HikariDataSource       : HikariPool-1 - Shutdown completed.
